DEBUG - 2025-01-06 02:22:01 --> Session: Class initialized using 'CodeIgniter\Session\Handlers\FileHandler' driver.
WARNING - 2025-01-06 02:22:01 --> Session: Sessions is enabled, and one exists. Please don't $session->start();
DEBUG - 2025-01-06 02:22:23 --> Session: Class initialized using 'CodeIgniter\Session\Handlers\FileHandler' driver.
WARNING - 2025-01-06 02:22:23 --> Session: Sessions is enabled, and one exists. Please don't $session->start();
DEBUG - 2025-01-06 02:22:25 --> Session: Class initialized using 'CodeIgniter\Session\Handlers\FileHandler' driver.
DEBUG - 2025-01-06 02:22:34 --> Session: Class initialized using 'CodeIgniter\Session\Handlers\FileHandler' driver.
DEBUG - 2025-01-06 02:22:35 --> Session: Class initialized using 'CodeIgniter\Session\Handlers\FileHandler' driver.
DEBUG - 2025-01-06 02:22:44 --> Session: Class initialized using 'CodeIgniter\Session\Handlers\FileHandler' driver.
DEBUG - 2025-01-06 02:22:46 --> Session: Class initialized using 'CodeIgniter\Session\Handlers\FileHandler' driver.
DEBUG - 2025-01-06 02:22:51 --> Session: Class initialized using 'CodeIgniter\Session\Handlers\FileHandler' driver.
DEBUG - 2025-01-06 02:22:51 --> Session: Class initialized using 'CodeIgniter\Session\Handlers\FileHandler' driver.
WARNING - 2025-01-06 02:22:51 --> Session: Sessions is enabled, and one exists. Please don't $session->start();
DEBUG - 2025-01-06 02:22:55 --> Session: Class initialized using 'CodeIgniter\Session\Handlers\FileHandler' driver.
WARNING - 2025-01-06 02:22:55 --> Session: Sessions is enabled, and one exists. Please don't $session->start();
DEBUG - 2025-01-06 02:22:55 --> Session: Class initialized using 'CodeIgniter\Session\Handlers\FileHandler' driver.
DEBUG - 2025-01-06 02:38:26 --> Session: Class initialized using 'CodeIgniter\Session\Handlers\FileHandler' driver.
DEBUG - 2025-01-06 02:38:27 --> Session: Class initialized using 'CodeIgniter\Session\Handlers\FileHandler' driver.
WARNING - 2025-01-06 02:38:27 --> Session: Sessions is enabled, and one exists. Please don't $session->start();
DEBUG - 2025-01-06 02:39:24 --> Session: Class initialized using 'CodeIgniter\Session\Handlers\FileHandler' driver.
WARNING - 2025-01-06 02:39:24 --> Session: Sessions is enabled, and one exists. Please don't $session->start();
DEBUG - 2025-01-06 02:39:24 --> Session: Class initialized using 'CodeIgniter\Session\Handlers\FileHandler' driver.
DEBUG - 2025-01-06 02:39:31 --> Session: Class initialized using 'CodeIgniter\Session\Handlers\FileHandler' driver.
CRITICAL - 2025-01-06 02:44:51 --> ErrorException: Undefined variable $semester
[Method: POST, Route: admin/courses]
in APPPATH\Controllers\Admin\EditCourseController.php on line 29.
 1 APPPATH\Controllers\Admin\EditCourseController.php(29): CodeIgniter\Debug\Exceptions->errorHandler(2, 'Undefined variable $semester', 'D:\\MONICA\\ITB\\KULIAH\\JURUSAN\\SEMESTER 5\\II3160 Teknologi Sistem Terintegrasi\\UAS\\TST_UAS_Kel7\\app\\Controllers\\Admin\\EditCourseController.php', 29)
 2 SYSTEMPATH\CodeIgniter.php(933): App\Controllers\Admin\EditCourseController->create()
 3 SYSTEMPATH\CodeIgniter.php(509): CodeIgniter\CodeIgniter->runController(Object(App\Controllers\Admin\EditCourseController))
 4 SYSTEMPATH\CodeIgniter.php(355): CodeIgniter\CodeIgniter->handleRequest(null, Object(Config\Cache), false)
 5 SYSTEMPATH\Boot.php(325): CodeIgniter\CodeIgniter->run()
 6 SYSTEMPATH\Boot.php(67): CodeIgniter\Boot::runCodeIgniter(Object(CodeIgniter\CodeIgniter))
 7 FCPATH\index.php(56): CodeIgniter\Boot::bootWeb(Object(Config\Paths))
 8 SYSTEMPATH\rewrite.php(44): require_once('D:\\MONICA\\ITB\\KULIAH\\JURUSAN\\SEMESTER 5\\II3160 Teknologi Sistem Terintegrasi\\UAS\\TST_UAS_Kel7\\public\\index.php')
ERROR - 2025-01-06 02:46:04 --> mysqli_sql_exception: Column 'semester' cannot be null in D:\MONICA\ITB\KULIAH\JURUSAN\SEMESTER 5\II3160 Teknologi Sistem Terintegrasi\UAS\TST_UAS_Kel7\system\Database\MySQLi\Connection.php:312
Stack trace:
#0 D:\MONICA\ITB\KULIAH\JURUSAN\SEMESTER 5\II3160 Teknologi Sistem Terintegrasi\UAS\TST_UAS_Kel7\system\Database\MySQLi\Connection.php(312): mysqli->query('INSERT INTO `co...', 0)
#1 D:\MONICA\ITB\KULIAH\JURUSAN\SEMESTER 5\II3160 Teknologi Sistem Terintegrasi\UAS\TST_UAS_Kel7\system\Database\BaseConnection.php(734): CodeIgniter\Database\MySQLi\Connection->execute('INSERT INTO `co...')
#2 D:\MONICA\ITB\KULIAH\JURUSAN\SEMESTER 5\II3160 Teknologi Sistem Terintegrasi\UAS\TST_UAS_Kel7\system\Database\BaseConnection.php(648): CodeIgniter\Database\BaseConnection->simpleQuery('INSERT INTO `co...')
#3 D:\MONICA\ITB\KULIAH\JURUSAN\SEMESTER 5\II3160 Teknologi Sistem Terintegrasi\UAS\TST_UAS_Kel7\system\Database\BaseBuilder.php(2340): CodeIgniter\Database\BaseConnection->query('INSERT INTO `co...', Array, false)
#4 D:\MONICA\ITB\KULIAH\JURUSAN\SEMESTER 5\II3160 Teknologi Sistem Terintegrasi\UAS\TST_UAS_Kel7\system\Model.php(394): CodeIgniter\Database\BaseBuilder->insert()
#5 D:\MONICA\ITB\KULIAH\JURUSAN\SEMESTER 5\II3160 Teknologi Sistem Terintegrasi\UAS\TST_UAS_Kel7\system\BaseModel.php(839): CodeIgniter\Model->doInsert(Array)
#6 D:\MONICA\ITB\KULIAH\JURUSAN\SEMESTER 5\II3160 Teknologi Sistem Terintegrasi\UAS\TST_UAS_Kel7\system\Model.php(802): CodeIgniter\BaseModel->insert(Array, false)
#7 D:\MONICA\ITB\KULIAH\JURUSAN\SEMESTER 5\II3160 Teknologi Sistem Terintegrasi\UAS\TST_UAS_Kel7\system\BaseModel.php(750): CodeIgniter\Model->insert(Array, false)
#8 D:\MONICA\ITB\KULIAH\JURUSAN\SEMESTER 5\II3160 Teknologi Sistem Terintegrasi\UAS\TST_UAS_Kel7\app\Controllers\Admin\EditCourseController.php(35): CodeIgniter\BaseModel->save(Array)
#9 D:\MONICA\ITB\KULIAH\JURUSAN\SEMESTER 5\II3160 Teknologi Sistem Terintegrasi\UAS\TST_UAS_Kel7\system\CodeIgniter.php(933): App\Controllers\Admin\EditCourseController->create()
#10 D:\MONICA\ITB\KULIAH\JURUSAN\SEMESTER 5\II3160 Teknologi Sistem Terintegrasi\UAS\TST_UAS_Kel7\system\CodeIgniter.php(509): CodeIgniter\CodeIgniter->runController(Object(App\Controllers\Admin\EditCourseController))
#11 D:\MONICA\ITB\KULIAH\JURUSAN\SEMESTER 5\II3160 Teknologi Sistem Terintegrasi\UAS\TST_UAS_Kel7\system\CodeIgniter.php(355): CodeIgniter\CodeIgniter->handleRequest(NULL, Object(Config\Cache), false)
#12 D:\MONICA\ITB\KULIAH\JURUSAN\SEMESTER 5\II3160 Teknologi Sistem Terintegrasi\UAS\TST_UAS_Kel7\system\Boot.php(325): CodeIgniter\CodeIgniter->run()
#13 D:\MONICA\ITB\KULIAH\JURUSAN\SEMESTER 5\II3160 Teknologi Sistem Terintegrasi\UAS\TST_UAS_Kel7\system\Boot.php(67): CodeIgniter\Boot::runCodeIgniter(Object(CodeIgniter\CodeIgniter))
#14 D:\MONICA\ITB\KULIAH\JURUSAN\SEMESTER 5\II3160 Teknologi Sistem Terintegrasi\UAS\TST_UAS_Kel7\public\index.php(56): CodeIgniter\Boot::bootWeb(Object(Config\Paths))
#15 D:\MONICA\ITB\KULIAH\JURUSAN\SEMESTER 5\II3160 Teknologi Sistem Terintegrasi\UAS\TST_UAS_Kel7\system\rewrite.php(44): require_once('D:\\MONICA\\ITB\\K...')
#16 {main}
CRITICAL - 2025-01-06 02:46:04 --> CodeIgniter\Database\Exceptions\DatabaseException: Column 'semester' cannot be null
[Method: POST, Route: admin/courses]
in SYSTEMPATH\Database\BaseConnection.php on line 688.
 1 SYSTEMPATH\Database\BaseBuilder.php(2340): CodeIgniter\Database\BaseConnection->query('INSERT INTO `courses` (`course_name`, `credits`, `semester`, `day`, `start_time`, `duration`) VALUES (:course_name:, :credits:, :semester:, :day:, :start_time:, :duration:)', [...], false)
 2 SYSTEMPATH\Model.php(394): CodeIgniter\Database\BaseBuilder->insert()
 3 SYSTEMPATH\BaseModel.php(839): CodeIgniter\Model->doInsert([...])
 4 SYSTEMPATH\Model.php(802): CodeIgniter\BaseModel->insert([...], false)
 5 SYSTEMPATH\BaseModel.php(750): CodeIgniter\Model->insert([...], false)
 6 APPPATH\Controllers\Admin\EditCourseController.php(35): CodeIgniter\BaseModel->save([...])
 7 SYSTEMPATH\CodeIgniter.php(933): App\Controllers\Admin\EditCourseController->create()
 8 SYSTEMPATH\CodeIgniter.php(509): CodeIgniter\CodeIgniter->runController(Object(App\Controllers\Admin\EditCourseController))
 9 SYSTEMPATH\CodeIgniter.php(355): CodeIgniter\CodeIgniter->handleRequest(null, Object(Config\Cache), false)
10 SYSTEMPATH\Boot.php(325): CodeIgniter\CodeIgniter->run()
11 SYSTEMPATH\Boot.php(67): CodeIgniter\Boot::runCodeIgniter(Object(CodeIgniter\CodeIgniter))
12 FCPATH\index.php(56): CodeIgniter\Boot::bootWeb(Object(Config\Paths))
13 SYSTEMPATH\rewrite.php(44): require_once('D:\\MONICA\\ITB\\KULIAH\\JURUSAN\\SEMESTER 5\\II3160 Teknologi Sistem Terintegrasi\\UAS\\TST_UAS_Kel7\\public\\index.php')
CRITICAL - 2025-01-06 02:46:04 --> [Caused by] CodeIgniter\Database\Exceptions\DatabaseException: Column 'semester' cannot be null
in SYSTEMPATH\Database\MySQLi\Connection.php on line 317.
 1 SYSTEMPATH\Database\BaseConnection.php(734): CodeIgniter\Database\MySQLi\Connection->execute('INSERT INTO `courses` (`course_name`, `credits`, `semester`, `day`, `start_time`, `duration`) VALUES (\'masuk\', \'2\', NULL, \'Senin\', \'10:00\', 100)')
 2 SYSTEMPATH\Database\BaseConnection.php(648): CodeIgniter\Database\BaseConnection->simpleQuery('INSERT INTO `courses` (`course_name`, `credits`, `semester`, `day`, `start_time`, `duration`) VALUES (\'masuk\', \'2\', NULL, \'Senin\', \'10:00\', 100)')
 3 SYSTEMPATH\Database\BaseBuilder.php(2340): CodeIgniter\Database\BaseConnection->query('INSERT INTO `courses` (`course_name`, `credits`, `semester`, `day`, `start_time`, `duration`) VALUES (:course_name:, :credits:, :semester:, :day:, :start_time:, :duration:)', [...], false)
 4 SYSTEMPATH\Model.php(394): CodeIgniter\Database\BaseBuilder->insert()
 5 SYSTEMPATH\BaseModel.php(839): CodeIgniter\Model->doInsert([...])
 6 SYSTEMPATH\Model.php(802): CodeIgniter\BaseModel->insert([...], false)
 7 SYSTEMPATH\BaseModel.php(750): CodeIgniter\Model->insert([...], false)
 8 APPPATH\Controllers\Admin\EditCourseController.php(35): CodeIgniter\BaseModel->save([...])
 9 SYSTEMPATH\CodeIgniter.php(933): App\Controllers\Admin\EditCourseController->create()
10 SYSTEMPATH\CodeIgniter.php(509): CodeIgniter\CodeIgniter->runController(Object(App\Controllers\Admin\EditCourseController))
11 SYSTEMPATH\CodeIgniter.php(355): CodeIgniter\CodeIgniter->handleRequest(null, Object(Config\Cache), false)
12 SYSTEMPATH\Boot.php(325): CodeIgniter\CodeIgniter->run()
13 SYSTEMPATH\Boot.php(67): CodeIgniter\Boot::runCodeIgniter(Object(CodeIgniter\CodeIgniter))
14 FCPATH\index.php(56): CodeIgniter\Boot::bootWeb(Object(Config\Paths))
15 SYSTEMPATH\rewrite.php(44): require_once('D:\\MONICA\\ITB\\KULIAH\\JURUSAN\\SEMESTER 5\\II3160 Teknologi Sistem Terintegrasi\\UAS\\TST_UAS_Kel7\\public\\index.php')
CRITICAL - 2025-01-06 02:46:04 --> [Caused by] mysqli_sql_exception: Column 'semester' cannot be null
in SYSTEMPATH\Database\MySQLi\Connection.php on line 312.
 1 SYSTEMPATH\Database\MySQLi\Connection.php(312): mysqli->query('INSERT INTO `courses` (`course_name`, `credits`, `semester`, `day`, `start_time`, `duration`) VALUES (\'masuk\', \'2\', NULL, \'Senin\', \'10:00\', 100)', 0)
 2 SYSTEMPATH\Database\BaseConnection.php(734): CodeIgniter\Database\MySQLi\Connection->execute('INSERT INTO `courses` (`course_name`, `credits`, `semester`, `day`, `start_time`, `duration`) VALUES (\'masuk\', \'2\', NULL, \'Senin\', \'10:00\', 100)')
 3 SYSTEMPATH\Database\BaseConnection.php(648): CodeIgniter\Database\BaseConnection->simpleQuery('INSERT INTO `courses` (`course_name`, `credits`, `semester`, `day`, `start_time`, `duration`) VALUES (\'masuk\', \'2\', NULL, \'Senin\', \'10:00\', 100)')
 4 SYSTEMPATH\Database\BaseBuilder.php(2340): CodeIgniter\Database\BaseConnection->query('INSERT INTO `courses` (`course_name`, `credits`, `semester`, `day`, `start_time`, `duration`) VALUES (:course_name:, :credits:, :semester:, :day:, :start_time:, :duration:)', [...], false)
 5 SYSTEMPATH\Model.php(394): CodeIgniter\Database\BaseBuilder->insert()
 6 SYSTEMPATH\BaseModel.php(839): CodeIgniter\Model->doInsert([...])
 7 SYSTEMPATH\Model.php(802): CodeIgniter\BaseModel->insert([...], false)
 8 SYSTEMPATH\BaseModel.php(750): CodeIgniter\Model->insert([...], false)
 9 APPPATH\Controllers\Admin\EditCourseController.php(35): CodeIgniter\BaseModel->save([...])
10 SYSTEMPATH\CodeIgniter.php(933): App\Controllers\Admin\EditCourseController->create()
11 SYSTEMPATH\CodeIgniter.php(509): CodeIgniter\CodeIgniter->runController(Object(App\Controllers\Admin\EditCourseController))
12 SYSTEMPATH\CodeIgniter.php(355): CodeIgniter\CodeIgniter->handleRequest(null, Object(Config\Cache), false)
13 SYSTEMPATH\Boot.php(325): CodeIgniter\CodeIgniter->run()
14 SYSTEMPATH\Boot.php(67): CodeIgniter\Boot::runCodeIgniter(Object(CodeIgniter\CodeIgniter))
15 FCPATH\index.php(56): CodeIgniter\Boot::bootWeb(Object(Config\Paths))
16 SYSTEMPATH\rewrite.php(44): require_once('D:\\MONICA\\ITB\\KULIAH\\JURUSAN\\SEMESTER 5\\II3160 Teknologi Sistem Terintegrasi\\UAS\\TST_UAS_Kel7\\public\\index.php')
ERROR - 2025-01-06 02:49:25 --> mysqli_sql_exception: Column 'semester' cannot be null in D:\MONICA\ITB\KULIAH\JURUSAN\SEMESTER 5\II3160 Teknologi Sistem Terintegrasi\UAS\TST_UAS_Kel7\system\Database\MySQLi\Connection.php:312
Stack trace:
#0 D:\MONICA\ITB\KULIAH\JURUSAN\SEMESTER 5\II3160 Teknologi Sistem Terintegrasi\UAS\TST_UAS_Kel7\system\Database\MySQLi\Connection.php(312): mysqli->query('INSERT INTO `co...', 0)
#1 D:\MONICA\ITB\KULIAH\JURUSAN\SEMESTER 5\II3160 Teknologi Sistem Terintegrasi\UAS\TST_UAS_Kel7\system\Database\BaseConnection.php(734): CodeIgniter\Database\MySQLi\Connection->execute('INSERT INTO `co...')
#2 D:\MONICA\ITB\KULIAH\JURUSAN\SEMESTER 5\II3160 Teknologi Sistem Terintegrasi\UAS\TST_UAS_Kel7\system\Database\BaseConnection.php(648): CodeIgniter\Database\BaseConnection->simpleQuery('INSERT INTO `co...')
#3 D:\MONICA\ITB\KULIAH\JURUSAN\SEMESTER 5\II3160 Teknologi Sistem Terintegrasi\UAS\TST_UAS_Kel7\system\Database\BaseBuilder.php(2340): CodeIgniter\Database\BaseConnection->query('INSERT INTO `co...', Array, false)
#4 D:\MONICA\ITB\KULIAH\JURUSAN\SEMESTER 5\II3160 Teknologi Sistem Terintegrasi\UAS\TST_UAS_Kel7\system\Model.php(394): CodeIgniter\Database\BaseBuilder->insert()
#5 D:\MONICA\ITB\KULIAH\JURUSAN\SEMESTER 5\II3160 Teknologi Sistem Terintegrasi\UAS\TST_UAS_Kel7\system\BaseModel.php(839): CodeIgniter\Model->doInsert(Array)
#6 D:\MONICA\ITB\KULIAH\JURUSAN\SEMESTER 5\II3160 Teknologi Sistem Terintegrasi\UAS\TST_UAS_Kel7\system\Model.php(802): CodeIgniter\BaseModel->insert(Array, false)
#7 D:\MONICA\ITB\KULIAH\JURUSAN\SEMESTER 5\II3160 Teknologi Sistem Terintegrasi\UAS\TST_UAS_Kel7\system\BaseModel.php(750): CodeIgniter\Model->insert(Array, false)
#8 D:\MONICA\ITB\KULIAH\JURUSAN\SEMESTER 5\II3160 Teknologi Sistem Terintegrasi\UAS\TST_UAS_Kel7\app\Controllers\Admin\EditCourseController.php(35): CodeIgniter\BaseModel->save(Array)
#9 D:\MONICA\ITB\KULIAH\JURUSAN\SEMESTER 5\II3160 Teknologi Sistem Terintegrasi\UAS\TST_UAS_Kel7\system\CodeIgniter.php(933): App\Controllers\Admin\EditCourseController->create()
#10 D:\MONICA\ITB\KULIAH\JURUSAN\SEMESTER 5\II3160 Teknologi Sistem Terintegrasi\UAS\TST_UAS_Kel7\system\CodeIgniter.php(509): CodeIgniter\CodeIgniter->runController(Object(App\Controllers\Admin\EditCourseController))
#11 D:\MONICA\ITB\KULIAH\JURUSAN\SEMESTER 5\II3160 Teknologi Sistem Terintegrasi\UAS\TST_UAS_Kel7\system\CodeIgniter.php(355): CodeIgniter\CodeIgniter->handleRequest(NULL, Object(Config\Cache), false)
#12 D:\MONICA\ITB\KULIAH\JURUSAN\SEMESTER 5\II3160 Teknologi Sistem Terintegrasi\UAS\TST_UAS_Kel7\system\Boot.php(325): CodeIgniter\CodeIgniter->run()
#13 D:\MONICA\ITB\KULIAH\JURUSAN\SEMESTER 5\II3160 Teknologi Sistem Terintegrasi\UAS\TST_UAS_Kel7\system\Boot.php(67): CodeIgniter\Boot::runCodeIgniter(Object(CodeIgniter\CodeIgniter))
#14 D:\MONICA\ITB\KULIAH\JURUSAN\SEMESTER 5\II3160 Teknologi Sistem Terintegrasi\UAS\TST_UAS_Kel7\public\index.php(56): CodeIgniter\Boot::bootWeb(Object(Config\Paths))
#15 D:\MONICA\ITB\KULIAH\JURUSAN\SEMESTER 5\II3160 Teknologi Sistem Terintegrasi\UAS\TST_UAS_Kel7\system\rewrite.php(44): require_once('D:\\MONICA\\ITB\\K...')
#16 {main}
CRITICAL - 2025-01-06 02:49:25 --> CodeIgniter\Database\Exceptions\DatabaseException: Column 'semester' cannot be null
[Method: POST, Route: admin/courses]
in SYSTEMPATH\Database\BaseConnection.php on line 688.
 1 SYSTEMPATH\Database\BaseBuilder.php(2340): CodeIgniter\Database\BaseConnection->query('INSERT INTO `courses` (`course_name`, `credits`, `semester`, `day`, `start_time`, `duration`) VALUES (:course_name:, :credits:, :semester:, :day:, :start_time:, :duration:)', [...], false)
 2 SYSTEMPATH\Model.php(394): CodeIgniter\Database\BaseBuilder->insert()
 3 SYSTEMPATH\BaseModel.php(839): CodeIgniter\Model->doInsert([...])
 4 SYSTEMPATH\Model.php(802): CodeIgniter\BaseModel->insert([...], false)
 5 SYSTEMPATH\BaseModel.php(750): CodeIgniter\Model->insert([...], false)
 6 APPPATH\Controllers\Admin\EditCourseController.php(35): CodeIgniter\BaseModel->save([...])
 7 SYSTEMPATH\CodeIgniter.php(933): App\Controllers\Admin\EditCourseController->create()
 8 SYSTEMPATH\CodeIgniter.php(509): CodeIgniter\CodeIgniter->runController(Object(App\Controllers\Admin\EditCourseController))
 9 SYSTEMPATH\CodeIgniter.php(355): CodeIgniter\CodeIgniter->handleRequest(null, Object(Config\Cache), false)
10 SYSTEMPATH\Boot.php(325): CodeIgniter\CodeIgniter->run()
11 SYSTEMPATH\Boot.php(67): CodeIgniter\Boot::runCodeIgniter(Object(CodeIgniter\CodeIgniter))
12 FCPATH\index.php(56): CodeIgniter\Boot::bootWeb(Object(Config\Paths))
13 SYSTEMPATH\rewrite.php(44): require_once('D:\\MONICA\\ITB\\KULIAH\\JURUSAN\\SEMESTER 5\\II3160 Teknologi Sistem Terintegrasi\\UAS\\TST_UAS_Kel7\\public\\index.php')
CRITICAL - 2025-01-06 02:49:25 --> [Caused by] CodeIgniter\Database\Exceptions\DatabaseException: Column 'semester' cannot be null
in SYSTEMPATH\Database\MySQLi\Connection.php on line 317.
 1 SYSTEMPATH\Database\BaseConnection.php(734): CodeIgniter\Database\MySQLi\Connection->execute('INSERT INTO `courses` (`course_name`, `credits`, `semester`, `day`, `start_time`, `duration`) VALUES (\'masuk\', \'2\', NULL, \'Senin\', \'10:00\', 100)')
 2 SYSTEMPATH\Database\BaseConnection.php(648): CodeIgniter\Database\BaseConnection->simpleQuery('INSERT INTO `courses` (`course_name`, `credits`, `semester`, `day`, `start_time`, `duration`) VALUES (\'masuk\', \'2\', NULL, \'Senin\', \'10:00\', 100)')
 3 SYSTEMPATH\Database\BaseBuilder.php(2340): CodeIgniter\Database\BaseConnection->query('INSERT INTO `courses` (`course_name`, `credits`, `semester`, `day`, `start_time`, `duration`) VALUES (:course_name:, :credits:, :semester:, :day:, :start_time:, :duration:)', [...], false)
 4 SYSTEMPATH\Model.php(394): CodeIgniter\Database\BaseBuilder->insert()
 5 SYSTEMPATH\BaseModel.php(839): CodeIgniter\Model->doInsert([...])
 6 SYSTEMPATH\Model.php(802): CodeIgniter\BaseModel->insert([...], false)
 7 SYSTEMPATH\BaseModel.php(750): CodeIgniter\Model->insert([...], false)
 8 APPPATH\Controllers\Admin\EditCourseController.php(35): CodeIgniter\BaseModel->save([...])
 9 SYSTEMPATH\CodeIgniter.php(933): App\Controllers\Admin\EditCourseController->create()
10 SYSTEMPATH\CodeIgniter.php(509): CodeIgniter\CodeIgniter->runController(Object(App\Controllers\Admin\EditCourseController))
11 SYSTEMPATH\CodeIgniter.php(355): CodeIgniter\CodeIgniter->handleRequest(null, Object(Config\Cache), false)
12 SYSTEMPATH\Boot.php(325): CodeIgniter\CodeIgniter->run()
13 SYSTEMPATH\Boot.php(67): CodeIgniter\Boot::runCodeIgniter(Object(CodeIgniter\CodeIgniter))
14 FCPATH\index.php(56): CodeIgniter\Boot::bootWeb(Object(Config\Paths))
15 SYSTEMPATH\rewrite.php(44): require_once('D:\\MONICA\\ITB\\KULIAH\\JURUSAN\\SEMESTER 5\\II3160 Teknologi Sistem Terintegrasi\\UAS\\TST_UAS_Kel7\\public\\index.php')
CRITICAL - 2025-01-06 02:49:25 --> [Caused by] mysqli_sql_exception: Column 'semester' cannot be null
in SYSTEMPATH\Database\MySQLi\Connection.php on line 312.
 1 SYSTEMPATH\Database\MySQLi\Connection.php(312): mysqli->query('INSERT INTO `courses` (`course_name`, `credits`, `semester`, `day`, `start_time`, `duration`) VALUES (\'masuk\', \'2\', NULL, \'Senin\', \'10:00\', 100)', 0)
 2 SYSTEMPATH\Database\BaseConnection.php(734): CodeIgniter\Database\MySQLi\Connection->execute('INSERT INTO `courses` (`course_name`, `credits`, `semester`, `day`, `start_time`, `duration`) VALUES (\'masuk\', \'2\', NULL, \'Senin\', \'10:00\', 100)')
 3 SYSTEMPATH\Database\BaseConnection.php(648): CodeIgniter\Database\BaseConnection->simpleQuery('INSERT INTO `courses` (`course_name`, `credits`, `semester`, `day`, `start_time`, `duration`) VALUES (\'masuk\', \'2\', NULL, \'Senin\', \'10:00\', 100)')
 4 SYSTEMPATH\Database\BaseBuilder.php(2340): CodeIgniter\Database\BaseConnection->query('INSERT INTO `courses` (`course_name`, `credits`, `semester`, `day`, `start_time`, `duration`) VALUES (:course_name:, :credits:, :semester:, :day:, :start_time:, :duration:)', [...], false)
 5 SYSTEMPATH\Model.php(394): CodeIgniter\Database\BaseBuilder->insert()
 6 SYSTEMPATH\BaseModel.php(839): CodeIgniter\Model->doInsert([...])
 7 SYSTEMPATH\Model.php(802): CodeIgniter\BaseModel->insert([...], false)
 8 SYSTEMPATH\BaseModel.php(750): CodeIgniter\Model->insert([...], false)
 9 APPPATH\Controllers\Admin\EditCourseController.php(35): CodeIgniter\BaseModel->save([...])
10 SYSTEMPATH\CodeIgniter.php(933): App\Controllers\Admin\EditCourseController->create()
11 SYSTEMPATH\CodeIgniter.php(509): CodeIgniter\CodeIgniter->runController(Object(App\Controllers\Admin\EditCourseController))
12 SYSTEMPATH\CodeIgniter.php(355): CodeIgniter\CodeIgniter->handleRequest(null, Object(Config\Cache), false)
13 SYSTEMPATH\Boot.php(325): CodeIgniter\CodeIgniter->run()
14 SYSTEMPATH\Boot.php(67): CodeIgniter\Boot::runCodeIgniter(Object(CodeIgniter\CodeIgniter))
15 FCPATH\index.php(56): CodeIgniter\Boot::bootWeb(Object(Config\Paths))
16 SYSTEMPATH\rewrite.php(44): require_once('D:\\MONICA\\ITB\\KULIAH\\JURUSAN\\SEMESTER 5\\II3160 Teknologi Sistem Terintegrasi\\UAS\\TST_UAS_Kel7\\public\\index.php')
ERROR - 2025-01-06 02:50:04 --> mysqli_sql_exception: Column 'semester' cannot be null in D:\MONICA\ITB\KULIAH\JURUSAN\SEMESTER 5\II3160 Teknologi Sistem Terintegrasi\UAS\TST_UAS_Kel7\system\Database\MySQLi\Connection.php:312
Stack trace:
#0 D:\MONICA\ITB\KULIAH\JURUSAN\SEMESTER 5\II3160 Teknologi Sistem Terintegrasi\UAS\TST_UAS_Kel7\system\Database\MySQLi\Connection.php(312): mysqli->query('INSERT INTO `co...', 0)
#1 D:\MONICA\ITB\KULIAH\JURUSAN\SEMESTER 5\II3160 Teknologi Sistem Terintegrasi\UAS\TST_UAS_Kel7\system\Database\BaseConnection.php(734): CodeIgniter\Database\MySQLi\Connection->execute('INSERT INTO `co...')
#2 D:\MONICA\ITB\KULIAH\JURUSAN\SEMESTER 5\II3160 Teknologi Sistem Terintegrasi\UAS\TST_UAS_Kel7\system\Database\BaseConnection.php(648): CodeIgniter\Database\BaseConnection->simpleQuery('INSERT INTO `co...')
#3 D:\MONICA\ITB\KULIAH\JURUSAN\SEMESTER 5\II3160 Teknologi Sistem Terintegrasi\UAS\TST_UAS_Kel7\system\Database\BaseBuilder.php(2340): CodeIgniter\Database\BaseConnection->query('INSERT INTO `co...', Array, false)
#4 D:\MONICA\ITB\KULIAH\JURUSAN\SEMESTER 5\II3160 Teknologi Sistem Terintegrasi\UAS\TST_UAS_Kel7\system\Model.php(394): CodeIgniter\Database\BaseBuilder->insert()
#5 D:\MONICA\ITB\KULIAH\JURUSAN\SEMESTER 5\II3160 Teknologi Sistem Terintegrasi\UAS\TST_UAS_Kel7\system\BaseModel.php(839): CodeIgniter\Model->doInsert(Array)
#6 D:\MONICA\ITB\KULIAH\JURUSAN\SEMESTER 5\II3160 Teknologi Sistem Terintegrasi\UAS\TST_UAS_Kel7\system\Model.php(802): CodeIgniter\BaseModel->insert(Array, false)
#7 D:\MONICA\ITB\KULIAH\JURUSAN\SEMESTER 5\II3160 Teknologi Sistem Terintegrasi\UAS\TST_UAS_Kel7\system\BaseModel.php(750): CodeIgniter\Model->insert(Array, false)
#8 D:\MONICA\ITB\KULIAH\JURUSAN\SEMESTER 5\II3160 Teknologi Sistem Terintegrasi\UAS\TST_UAS_Kel7\app\Controllers\Admin\EditCourseController.php(35): CodeIgniter\BaseModel->save(Array)
#9 D:\MONICA\ITB\KULIAH\JURUSAN\SEMESTER 5\II3160 Teknologi Sistem Terintegrasi\UAS\TST_UAS_Kel7\system\CodeIgniter.php(933): App\Controllers\Admin\EditCourseController->create()
#10 D:\MONICA\ITB\KULIAH\JURUSAN\SEMESTER 5\II3160 Teknologi Sistem Terintegrasi\UAS\TST_UAS_Kel7\system\CodeIgniter.php(509): CodeIgniter\CodeIgniter->runController(Object(App\Controllers\Admin\EditCourseController))
#11 D:\MONICA\ITB\KULIAH\JURUSAN\SEMESTER 5\II3160 Teknologi Sistem Terintegrasi\UAS\TST_UAS_Kel7\system\CodeIgniter.php(355): CodeIgniter\CodeIgniter->handleRequest(NULL, Object(Config\Cache), false)
#12 D:\MONICA\ITB\KULIAH\JURUSAN\SEMESTER 5\II3160 Teknologi Sistem Terintegrasi\UAS\TST_UAS_Kel7\system\Boot.php(325): CodeIgniter\CodeIgniter->run()
#13 D:\MONICA\ITB\KULIAH\JURUSAN\SEMESTER 5\II3160 Teknologi Sistem Terintegrasi\UAS\TST_UAS_Kel7\system\Boot.php(67): CodeIgniter\Boot::runCodeIgniter(Object(CodeIgniter\CodeIgniter))
#14 D:\MONICA\ITB\KULIAH\JURUSAN\SEMESTER 5\II3160 Teknologi Sistem Terintegrasi\UAS\TST_UAS_Kel7\public\index.php(56): CodeIgniter\Boot::bootWeb(Object(Config\Paths))
#15 D:\MONICA\ITB\KULIAH\JURUSAN\SEMESTER 5\II3160 Teknologi Sistem Terintegrasi\UAS\TST_UAS_Kel7\system\rewrite.php(44): require_once('D:\\MONICA\\ITB\\K...')
#16 {main}
CRITICAL - 2025-01-06 02:50:04 --> CodeIgniter\Database\Exceptions\DatabaseException: Column 'semester' cannot be null
[Method: POST, Route: admin/courses]
in SYSTEMPATH\Database\BaseConnection.php on line 688.
 1 SYSTEMPATH\Database\BaseBuilder.php(2340): CodeIgniter\Database\BaseConnection->query('INSERT INTO `courses` (`course_name`, `credits`, `semester`, `day`, `start_time`, `duration`) VALUES (:course_name:, :credits:, :semester:, :day:, :start_time:, :duration:)', [...], false)
 2 SYSTEMPATH\Model.php(394): CodeIgniter\Database\BaseBuilder->insert()
 3 SYSTEMPATH\BaseModel.php(839): CodeIgniter\Model->doInsert([...])
 4 SYSTEMPATH\Model.php(802): CodeIgniter\BaseModel->insert([...], false)
 5 SYSTEMPATH\BaseModel.php(750): CodeIgniter\Model->insert([...], false)
 6 APPPATH\Controllers\Admin\EditCourseController.php(35): CodeIgniter\BaseModel->save([...])
 7 SYSTEMPATH\CodeIgniter.php(933): App\Controllers\Admin\EditCourseController->create()
 8 SYSTEMPATH\CodeIgniter.php(509): CodeIgniter\CodeIgniter->runController(Object(App\Controllers\Admin\EditCourseController))
 9 SYSTEMPATH\CodeIgniter.php(355): CodeIgniter\CodeIgniter->handleRequest(null, Object(Config\Cache), false)
10 SYSTEMPATH\Boot.php(325): CodeIgniter\CodeIgniter->run()
11 SYSTEMPATH\Boot.php(67): CodeIgniter\Boot::runCodeIgniter(Object(CodeIgniter\CodeIgniter))
12 FCPATH\index.php(56): CodeIgniter\Boot::bootWeb(Object(Config\Paths))
13 SYSTEMPATH\rewrite.php(44): require_once('D:\\MONICA\\ITB\\KULIAH\\JURUSAN\\SEMESTER 5\\II3160 Teknologi Sistem Terintegrasi\\UAS\\TST_UAS_Kel7\\public\\index.php')
CRITICAL - 2025-01-06 02:50:04 --> [Caused by] CodeIgniter\Database\Exceptions\DatabaseException: Column 'semester' cannot be null
in SYSTEMPATH\Database\MySQLi\Connection.php on line 317.
 1 SYSTEMPATH\Database\BaseConnection.php(734): CodeIgniter\Database\MySQLi\Connection->execute('INSERT INTO `courses` (`course_name`, `credits`, `semester`, `day`, `start_time`, `duration`) VALUES (\'masuk\', \'2\', NULL, \'Senin\', \'10:00\', 100)')
 2 SYSTEMPATH\Database\BaseConnection.php(648): CodeIgniter\Database\BaseConnection->simpleQuery('INSERT INTO `courses` (`course_name`, `credits`, `semester`, `day`, `start_time`, `duration`) VALUES (\'masuk\', \'2\', NULL, \'Senin\', \'10:00\', 100)')
 3 SYSTEMPATH\Database\BaseBuilder.php(2340): CodeIgniter\Database\BaseConnection->query('INSERT INTO `courses` (`course_name`, `credits`, `semester`, `day`, `start_time`, `duration`) VALUES (:course_name:, :credits:, :semester:, :day:, :start_time:, :duration:)', [...], false)
 4 SYSTEMPATH\Model.php(394): CodeIgniter\Database\BaseBuilder->insert()
 5 SYSTEMPATH\BaseModel.php(839): CodeIgniter\Model->doInsert([...])
 6 SYSTEMPATH\Model.php(802): CodeIgniter\BaseModel->insert([...], false)
 7 SYSTEMPATH\BaseModel.php(750): CodeIgniter\Model->insert([...], false)
 8 APPPATH\Controllers\Admin\EditCourseController.php(35): CodeIgniter\BaseModel->save([...])
 9 SYSTEMPATH\CodeIgniter.php(933): App\Controllers\Admin\EditCourseController->create()
10 SYSTEMPATH\CodeIgniter.php(509): CodeIgniter\CodeIgniter->runController(Object(App\Controllers\Admin\EditCourseController))
11 SYSTEMPATH\CodeIgniter.php(355): CodeIgniter\CodeIgniter->handleRequest(null, Object(Config\Cache), false)
12 SYSTEMPATH\Boot.php(325): CodeIgniter\CodeIgniter->run()
13 SYSTEMPATH\Boot.php(67): CodeIgniter\Boot::runCodeIgniter(Object(CodeIgniter\CodeIgniter))
14 FCPATH\index.php(56): CodeIgniter\Boot::bootWeb(Object(Config\Paths))
15 SYSTEMPATH\rewrite.php(44): require_once('D:\\MONICA\\ITB\\KULIAH\\JURUSAN\\SEMESTER 5\\II3160 Teknologi Sistem Terintegrasi\\UAS\\TST_UAS_Kel7\\public\\index.php')
CRITICAL - 2025-01-06 02:50:04 --> [Caused by] mysqli_sql_exception: Column 'semester' cannot be null
in SYSTEMPATH\Database\MySQLi\Connection.php on line 312.
 1 SYSTEMPATH\Database\MySQLi\Connection.php(312): mysqli->query('INSERT INTO `courses` (`course_name`, `credits`, `semester`, `day`, `start_time`, `duration`) VALUES (\'masuk\', \'2\', NULL, \'Senin\', \'10:00\', 100)', 0)
 2 SYSTEMPATH\Database\BaseConnection.php(734): CodeIgniter\Database\MySQLi\Connection->execute('INSERT INTO `courses` (`course_name`, `credits`, `semester`, `day`, `start_time`, `duration`) VALUES (\'masuk\', \'2\', NULL, \'Senin\', \'10:00\', 100)')
 3 SYSTEMPATH\Database\BaseConnection.php(648): CodeIgniter\Database\BaseConnection->simpleQuery('INSERT INTO `courses` (`course_name`, `credits`, `semester`, `day`, `start_time`, `duration`) VALUES (\'masuk\', \'2\', NULL, \'Senin\', \'10:00\', 100)')
 4 SYSTEMPATH\Database\BaseBuilder.php(2340): CodeIgniter\Database\BaseConnection->query('INSERT INTO `courses` (`course_name`, `credits`, `semester`, `day`, `start_time`, `duration`) VALUES (:course_name:, :credits:, :semester:, :day:, :start_time:, :duration:)', [...], false)
 5 SYSTEMPATH\Model.php(394): CodeIgniter\Database\BaseBuilder->insert()
 6 SYSTEMPATH\BaseModel.php(839): CodeIgniter\Model->doInsert([...])
 7 SYSTEMPATH\Model.php(802): CodeIgniter\BaseModel->insert([...], false)
 8 SYSTEMPATH\BaseModel.php(750): CodeIgniter\Model->insert([...], false)
 9 APPPATH\Controllers\Admin\EditCourseController.php(35): CodeIgniter\BaseModel->save([...])
10 SYSTEMPATH\CodeIgniter.php(933): App\Controllers\Admin\EditCourseController->create()
11 SYSTEMPATH\CodeIgniter.php(509): CodeIgniter\CodeIgniter->runController(Object(App\Controllers\Admin\EditCourseController))
12 SYSTEMPATH\CodeIgniter.php(355): CodeIgniter\CodeIgniter->handleRequest(null, Object(Config\Cache), false)
13 SYSTEMPATH\Boot.php(325): CodeIgniter\CodeIgniter->run()
14 SYSTEMPATH\Boot.php(67): CodeIgniter\Boot::runCodeIgniter(Object(CodeIgniter\CodeIgniter))
15 FCPATH\index.php(56): CodeIgniter\Boot::bootWeb(Object(Config\Paths))
16 SYSTEMPATH\rewrite.php(44): require_once('D:\\MONICA\\ITB\\KULIAH\\JURUSAN\\SEMESTER 5\\II3160 Teknologi Sistem Terintegrasi\\UAS\\TST_UAS_Kel7\\public\\index.php')
ERROR - 2025-01-06 02:51:27 --> mysqli_sql_exception: Column 'semester' cannot be null in D:\MONICA\ITB\KULIAH\JURUSAN\SEMESTER 5\II3160 Teknologi Sistem Terintegrasi\UAS\TST_UAS_Kel7\system\Database\MySQLi\Connection.php:312
Stack trace:
#0 D:\MONICA\ITB\KULIAH\JURUSAN\SEMESTER 5\II3160 Teknologi Sistem Terintegrasi\UAS\TST_UAS_Kel7\system\Database\MySQLi\Connection.php(312): mysqli->query('INSERT INTO `co...', 0)
#1 D:\MONICA\ITB\KULIAH\JURUSAN\SEMESTER 5\II3160 Teknologi Sistem Terintegrasi\UAS\TST_UAS_Kel7\system\Database\BaseConnection.php(734): CodeIgniter\Database\MySQLi\Connection->execute('INSERT INTO `co...')
#2 D:\MONICA\ITB\KULIAH\JURUSAN\SEMESTER 5\II3160 Teknologi Sistem Terintegrasi\UAS\TST_UAS_Kel7\system\Database\BaseConnection.php(648): CodeIgniter\Database\BaseConnection->simpleQuery('INSERT INTO `co...')
#3 D:\MONICA\ITB\KULIAH\JURUSAN\SEMESTER 5\II3160 Teknologi Sistem Terintegrasi\UAS\TST_UAS_Kel7\system\Database\BaseBuilder.php(2340): CodeIgniter\Database\BaseConnection->query('INSERT INTO `co...', Array, false)
#4 D:\MONICA\ITB\KULIAH\JURUSAN\SEMESTER 5\II3160 Teknologi Sistem Terintegrasi\UAS\TST_UAS_Kel7\system\Model.php(394): CodeIgniter\Database\BaseBuilder->insert()
#5 D:\MONICA\ITB\KULIAH\JURUSAN\SEMESTER 5\II3160 Teknologi Sistem Terintegrasi\UAS\TST_UAS_Kel7\system\BaseModel.php(839): CodeIgniter\Model->doInsert(Array)
#6 D:\MONICA\ITB\KULIAH\JURUSAN\SEMESTER 5\II3160 Teknologi Sistem Terintegrasi\UAS\TST_UAS_Kel7\system\Model.php(802): CodeIgniter\BaseModel->insert(Array, false)
#7 D:\MONICA\ITB\KULIAH\JURUSAN\SEMESTER 5\II3160 Teknologi Sistem Terintegrasi\UAS\TST_UAS_Kel7\system\BaseModel.php(750): CodeIgniter\Model->insert(Array, false)
#8 D:\MONICA\ITB\KULIAH\JURUSAN\SEMESTER 5\II3160 Teknologi Sistem Terintegrasi\UAS\TST_UAS_Kel7\app\Controllers\Admin\EditCourseController.php(35): CodeIgniter\BaseModel->save(Array)
#9 D:\MONICA\ITB\KULIAH\JURUSAN\SEMESTER 5\II3160 Teknologi Sistem Terintegrasi\UAS\TST_UAS_Kel7\system\CodeIgniter.php(933): App\Controllers\Admin\EditCourseController->create()
#10 D:\MONICA\ITB\KULIAH\JURUSAN\SEMESTER 5\II3160 Teknologi Sistem Terintegrasi\UAS\TST_UAS_Kel7\system\CodeIgniter.php(509): CodeIgniter\CodeIgniter->runController(Object(App\Controllers\Admin\EditCourseController))
#11 D:\MONICA\ITB\KULIAH\JURUSAN\SEMESTER 5\II3160 Teknologi Sistem Terintegrasi\UAS\TST_UAS_Kel7\system\CodeIgniter.php(355): CodeIgniter\CodeIgniter->handleRequest(NULL, Object(Config\Cache), false)
#12 D:\MONICA\ITB\KULIAH\JURUSAN\SEMESTER 5\II3160 Teknologi Sistem Terintegrasi\UAS\TST_UAS_Kel7\system\Boot.php(325): CodeIgniter\CodeIgniter->run()
#13 D:\MONICA\ITB\KULIAH\JURUSAN\SEMESTER 5\II3160 Teknologi Sistem Terintegrasi\UAS\TST_UAS_Kel7\system\Boot.php(67): CodeIgniter\Boot::runCodeIgniter(Object(CodeIgniter\CodeIgniter))
#14 D:\MONICA\ITB\KULIAH\JURUSAN\SEMESTER 5\II3160 Teknologi Sistem Terintegrasi\UAS\TST_UAS_Kel7\public\index.php(56): CodeIgniter\Boot::bootWeb(Object(Config\Paths))
#15 D:\MONICA\ITB\KULIAH\JURUSAN\SEMESTER 5\II3160 Teknologi Sistem Terintegrasi\UAS\TST_UAS_Kel7\system\rewrite.php(44): require_once('D:\\MONICA\\ITB\\K...')
#16 {main}
CRITICAL - 2025-01-06 02:51:27 --> CodeIgniter\Database\Exceptions\DatabaseException: Column 'semester' cannot be null
[Method: POST, Route: admin/courses]
in SYSTEMPATH\Database\BaseConnection.php on line 688.
 1 SYSTEMPATH\Database\BaseBuilder.php(2340): CodeIgniter\Database\BaseConnection->query('INSERT INTO `courses` (`course_name`, `credits`, `semester`, `day`, `start_time`, `duration`) VALUES (:course_name:, :credits:, :semester:, :day:, :start_time:, :duration:)', [...], false)
 2 SYSTEMPATH\Model.php(394): CodeIgniter\Database\BaseBuilder->insert()
 3 SYSTEMPATH\BaseModel.php(839): CodeIgniter\Model->doInsert([...])
 4 SYSTEMPATH\Model.php(802): CodeIgniter\BaseModel->insert([...], false)
 5 SYSTEMPATH\BaseModel.php(750): CodeIgniter\Model->insert([...], false)
 6 APPPATH\Controllers\Admin\EditCourseController.php(35): CodeIgniter\BaseModel->save([...])
 7 SYSTEMPATH\CodeIgniter.php(933): App\Controllers\Admin\EditCourseController->create()
 8 SYSTEMPATH\CodeIgniter.php(509): CodeIgniter\CodeIgniter->runController(Object(App\Controllers\Admin\EditCourseController))
 9 SYSTEMPATH\CodeIgniter.php(355): CodeIgniter\CodeIgniter->handleRequest(null, Object(Config\Cache), false)
10 SYSTEMPATH\Boot.php(325): CodeIgniter\CodeIgniter->run()
11 SYSTEMPATH\Boot.php(67): CodeIgniter\Boot::runCodeIgniter(Object(CodeIgniter\CodeIgniter))
12 FCPATH\index.php(56): CodeIgniter\Boot::bootWeb(Object(Config\Paths))
13 SYSTEMPATH\rewrite.php(44): require_once('D:\\MONICA\\ITB\\KULIAH\\JURUSAN\\SEMESTER 5\\II3160 Teknologi Sistem Terintegrasi\\UAS\\TST_UAS_Kel7\\public\\index.php')
CRITICAL - 2025-01-06 02:51:27 --> [Caused by] CodeIgniter\Database\Exceptions\DatabaseException: Column 'semester' cannot be null
in SYSTEMPATH\Database\MySQLi\Connection.php on line 317.
 1 SYSTEMPATH\Database\BaseConnection.php(734): CodeIgniter\Database\MySQLi\Connection->execute('INSERT INTO `courses` (`course_name`, `credits`, `semester`, `day`, `start_time`, `duration`) VALUES (\'masuk\', \'2\', NULL, \'Senin\', \'10:00\', 100)')
 2 SYSTEMPATH\Database\BaseConnection.php(648): CodeIgniter\Database\BaseConnection->simpleQuery('INSERT INTO `courses` (`course_name`, `credits`, `semester`, `day`, `start_time`, `duration`) VALUES (\'masuk\', \'2\', NULL, \'Senin\', \'10:00\', 100)')
 3 SYSTEMPATH\Database\BaseBuilder.php(2340): CodeIgniter\Database\BaseConnection->query('INSERT INTO `courses` (`course_name`, `credits`, `semester`, `day`, `start_time`, `duration`) VALUES (:course_name:, :credits:, :semester:, :day:, :start_time:, :duration:)', [...], false)
 4 SYSTEMPATH\Model.php(394): CodeIgniter\Database\BaseBuilder->insert()
 5 SYSTEMPATH\BaseModel.php(839): CodeIgniter\Model->doInsert([...])
 6 SYSTEMPATH\Model.php(802): CodeIgniter\BaseModel->insert([...], false)
 7 SYSTEMPATH\BaseModel.php(750): CodeIgniter\Model->insert([...], false)
 8 APPPATH\Controllers\Admin\EditCourseController.php(35): CodeIgniter\BaseModel->save([...])
 9 SYSTEMPATH\CodeIgniter.php(933): App\Controllers\Admin\EditCourseController->create()
10 SYSTEMPATH\CodeIgniter.php(509): CodeIgniter\CodeIgniter->runController(Object(App\Controllers\Admin\EditCourseController))
11 SYSTEMPATH\CodeIgniter.php(355): CodeIgniter\CodeIgniter->handleRequest(null, Object(Config\Cache), false)
12 SYSTEMPATH\Boot.php(325): CodeIgniter\CodeIgniter->run()
13 SYSTEMPATH\Boot.php(67): CodeIgniter\Boot::runCodeIgniter(Object(CodeIgniter\CodeIgniter))
14 FCPATH\index.php(56): CodeIgniter\Boot::bootWeb(Object(Config\Paths))
15 SYSTEMPATH\rewrite.php(44): require_once('D:\\MONICA\\ITB\\KULIAH\\JURUSAN\\SEMESTER 5\\II3160 Teknologi Sistem Terintegrasi\\UAS\\TST_UAS_Kel7\\public\\index.php')
CRITICAL - 2025-01-06 02:51:27 --> [Caused by] mysqli_sql_exception: Column 'semester' cannot be null
in SYSTEMPATH\Database\MySQLi\Connection.php on line 312.
 1 SYSTEMPATH\Database\MySQLi\Connection.php(312): mysqli->query('INSERT INTO `courses` (`course_name`, `credits`, `semester`, `day`, `start_time`, `duration`) VALUES (\'masuk\', \'2\', NULL, \'Senin\', \'10:00\', 100)', 0)
 2 SYSTEMPATH\Database\BaseConnection.php(734): CodeIgniter\Database\MySQLi\Connection->execute('INSERT INTO `courses` (`course_name`, `credits`, `semester`, `day`, `start_time`, `duration`) VALUES (\'masuk\', \'2\', NULL, \'Senin\', \'10:00\', 100)')
 3 SYSTEMPATH\Database\BaseConnection.php(648): CodeIgniter\Database\BaseConnection->simpleQuery('INSERT INTO `courses` (`course_name`, `credits`, `semester`, `day`, `start_time`, `duration`) VALUES (\'masuk\', \'2\', NULL, \'Senin\', \'10:00\', 100)')
 4 SYSTEMPATH\Database\BaseBuilder.php(2340): CodeIgniter\Database\BaseConnection->query('INSERT INTO `courses` (`course_name`, `credits`, `semester`, `day`, `start_time`, `duration`) VALUES (:course_name:, :credits:, :semester:, :day:, :start_time:, :duration:)', [...], false)
 5 SYSTEMPATH\Model.php(394): CodeIgniter\Database\BaseBuilder->insert()
 6 SYSTEMPATH\BaseModel.php(839): CodeIgniter\Model->doInsert([...])
 7 SYSTEMPATH\Model.php(802): CodeIgniter\BaseModel->insert([...], false)
 8 SYSTEMPATH\BaseModel.php(750): CodeIgniter\Model->insert([...], false)
 9 APPPATH\Controllers\Admin\EditCourseController.php(35): CodeIgniter\BaseModel->save([...])
10 SYSTEMPATH\CodeIgniter.php(933): App\Controllers\Admin\EditCourseController->create()
11 SYSTEMPATH\CodeIgniter.php(509): CodeIgniter\CodeIgniter->runController(Object(App\Controllers\Admin\EditCourseController))
12 SYSTEMPATH\CodeIgniter.php(355): CodeIgniter\CodeIgniter->handleRequest(null, Object(Config\Cache), false)
13 SYSTEMPATH\Boot.php(325): CodeIgniter\CodeIgniter->run()
14 SYSTEMPATH\Boot.php(67): CodeIgniter\Boot::runCodeIgniter(Object(CodeIgniter\CodeIgniter))
15 FCPATH\index.php(56): CodeIgniter\Boot::bootWeb(Object(Config\Paths))
16 SYSTEMPATH\rewrite.php(44): require_once('D:\\MONICA\\ITB\\KULIAH\\JURUSAN\\SEMESTER 5\\II3160 Teknologi Sistem Terintegrasi\\UAS\\TST_UAS_Kel7\\public\\index.php')
ERROR - 2025-01-06 02:57:06 --> mysqli_sql_exception: Column 'semester' cannot be null in D:\MONICA\ITB\KULIAH\JURUSAN\SEMESTER 5\II3160 Teknologi Sistem Terintegrasi\UAS\TST_UAS_Kel7\system\Database\MySQLi\Connection.php:312
Stack trace:
#0 D:\MONICA\ITB\KULIAH\JURUSAN\SEMESTER 5\II3160 Teknologi Sistem Terintegrasi\UAS\TST_UAS_Kel7\system\Database\MySQLi\Connection.php(312): mysqli->query('INSERT INTO `co...', 0)
#1 D:\MONICA\ITB\KULIAH\JURUSAN\SEMESTER 5\II3160 Teknologi Sistem Terintegrasi\UAS\TST_UAS_Kel7\system\Database\BaseConnection.php(734): CodeIgniter\Database\MySQLi\Connection->execute('INSERT INTO `co...')
#2 D:\MONICA\ITB\KULIAH\JURUSAN\SEMESTER 5\II3160 Teknologi Sistem Terintegrasi\UAS\TST_UAS_Kel7\system\Database\BaseConnection.php(648): CodeIgniter\Database\BaseConnection->simpleQuery('INSERT INTO `co...')
#3 D:\MONICA\ITB\KULIAH\JURUSAN\SEMESTER 5\II3160 Teknologi Sistem Terintegrasi\UAS\TST_UAS_Kel7\system\Database\BaseBuilder.php(2340): CodeIgniter\Database\BaseConnection->query('INSERT INTO `co...', Array, false)
#4 D:\MONICA\ITB\KULIAH\JURUSAN\SEMESTER 5\II3160 Teknologi Sistem Terintegrasi\UAS\TST_UAS_Kel7\system\Model.php(394): CodeIgniter\Database\BaseBuilder->insert()
#5 D:\MONICA\ITB\KULIAH\JURUSAN\SEMESTER 5\II3160 Teknologi Sistem Terintegrasi\UAS\TST_UAS_Kel7\system\BaseModel.php(839): CodeIgniter\Model->doInsert(Array)
#6 D:\MONICA\ITB\KULIAH\JURUSAN\SEMESTER 5\II3160 Teknologi Sistem Terintegrasi\UAS\TST_UAS_Kel7\system\Model.php(802): CodeIgniter\BaseModel->insert(Array, false)
#7 D:\MONICA\ITB\KULIAH\JURUSAN\SEMESTER 5\II3160 Teknologi Sistem Terintegrasi\UAS\TST_UAS_Kel7\system\BaseModel.php(750): CodeIgniter\Model->insert(Array, false)
#8 D:\MONICA\ITB\KULIAH\JURUSAN\SEMESTER 5\II3160 Teknologi Sistem Terintegrasi\UAS\TST_UAS_Kel7\app\Controllers\Admin\EditCourseController.php(35): CodeIgniter\BaseModel->save(Array)
#9 D:\MONICA\ITB\KULIAH\JURUSAN\SEMESTER 5\II3160 Teknologi Sistem Terintegrasi\UAS\TST_UAS_Kel7\system\CodeIgniter.php(933): App\Controllers\Admin\EditCourseController->create()
#10 D:\MONICA\ITB\KULIAH\JURUSAN\SEMESTER 5\II3160 Teknologi Sistem Terintegrasi\UAS\TST_UAS_Kel7\system\CodeIgniter.php(509): CodeIgniter\CodeIgniter->runController(Object(App\Controllers\Admin\EditCourseController))
#11 D:\MONICA\ITB\KULIAH\JURUSAN\SEMESTER 5\II3160 Teknologi Sistem Terintegrasi\UAS\TST_UAS_Kel7\system\CodeIgniter.php(355): CodeIgniter\CodeIgniter->handleRequest(NULL, Object(Config\Cache), false)
#12 D:\MONICA\ITB\KULIAH\JURUSAN\SEMESTER 5\II3160 Teknologi Sistem Terintegrasi\UAS\TST_UAS_Kel7\system\Boot.php(325): CodeIgniter\CodeIgniter->run()
#13 D:\MONICA\ITB\KULIAH\JURUSAN\SEMESTER 5\II3160 Teknologi Sistem Terintegrasi\UAS\TST_UAS_Kel7\system\Boot.php(67): CodeIgniter\Boot::runCodeIgniter(Object(CodeIgniter\CodeIgniter))
#14 D:\MONICA\ITB\KULIAH\JURUSAN\SEMESTER 5\II3160 Teknologi Sistem Terintegrasi\UAS\TST_UAS_Kel7\public\index.php(56): CodeIgniter\Boot::bootWeb(Object(Config\Paths))
#15 D:\MONICA\ITB\KULIAH\JURUSAN\SEMESTER 5\II3160 Teknologi Sistem Terintegrasi\UAS\TST_UAS_Kel7\system\rewrite.php(44): require_once('D:\\MONICA\\ITB\\K...')
#16 {main}
CRITICAL - 2025-01-06 02:57:06 --> CodeIgniter\Database\Exceptions\DatabaseException: Column 'semester' cannot be null
[Method: POST, Route: admin/courses]
in SYSTEMPATH\Database\BaseConnection.php on line 688.
 1 SYSTEMPATH\Database\BaseBuilder.php(2340): CodeIgniter\Database\BaseConnection->query('INSERT INTO `courses` (`course_name`, `credits`, `semester`, `day`, `start_time`, `duration`) VALUES (:course_name:, :credits:, :semester:, :day:, :start_time:, :duration:)', [...], false)
 2 SYSTEMPATH\Model.php(394): CodeIgniter\Database\BaseBuilder->insert()
 3 SYSTEMPATH\BaseModel.php(839): CodeIgniter\Model->doInsert([...])
 4 SYSTEMPATH\Model.php(802): CodeIgniter\BaseModel->insert([...], false)
 5 SYSTEMPATH\BaseModel.php(750): CodeIgniter\Model->insert([...], false)
 6 APPPATH\Controllers\Admin\EditCourseController.php(35): CodeIgniter\BaseModel->save([...])
 7 SYSTEMPATH\CodeIgniter.php(933): App\Controllers\Admin\EditCourseController->create()
 8 SYSTEMPATH\CodeIgniter.php(509): CodeIgniter\CodeIgniter->runController(Object(App\Controllers\Admin\EditCourseController))
 9 SYSTEMPATH\CodeIgniter.php(355): CodeIgniter\CodeIgniter->handleRequest(null, Object(Config\Cache), false)
10 SYSTEMPATH\Boot.php(325): CodeIgniter\CodeIgniter->run()
11 SYSTEMPATH\Boot.php(67): CodeIgniter\Boot::runCodeIgniter(Object(CodeIgniter\CodeIgniter))
12 FCPATH\index.php(56): CodeIgniter\Boot::bootWeb(Object(Config\Paths))
13 SYSTEMPATH\rewrite.php(44): require_once('D:\\MONICA\\ITB\\KULIAH\\JURUSAN\\SEMESTER 5\\II3160 Teknologi Sistem Terintegrasi\\UAS\\TST_UAS_Kel7\\public\\index.php')
CRITICAL - 2025-01-06 02:57:06 --> [Caused by] CodeIgniter\Database\Exceptions\DatabaseException: Column 'semester' cannot be null
in SYSTEMPATH\Database\MySQLi\Connection.php on line 317.
 1 SYSTEMPATH\Database\BaseConnection.php(734): CodeIgniter\Database\MySQLi\Connection->execute('INSERT INTO `courses` (`course_name`, `credits`, `semester`, `day`, `start_time`, `duration`) VALUES (\'masuk\', \'2\', NULL, \'Senin\', \'10:00\', 100)')
 2 SYSTEMPATH\Database\BaseConnection.php(648): CodeIgniter\Database\BaseConnection->simpleQuery('INSERT INTO `courses` (`course_name`, `credits`, `semester`, `day`, `start_time`, `duration`) VALUES (\'masuk\', \'2\', NULL, \'Senin\', \'10:00\', 100)')
 3 SYSTEMPATH\Database\BaseBuilder.php(2340): CodeIgniter\Database\BaseConnection->query('INSERT INTO `courses` (`course_name`, `credits`, `semester`, `day`, `start_time`, `duration`) VALUES (:course_name:, :credits:, :semester:, :day:, :start_time:, :duration:)', [...], false)
 4 SYSTEMPATH\Model.php(394): CodeIgniter\Database\BaseBuilder->insert()
 5 SYSTEMPATH\BaseModel.php(839): CodeIgniter\Model->doInsert([...])
 6 SYSTEMPATH\Model.php(802): CodeIgniter\BaseModel->insert([...], false)
 7 SYSTEMPATH\BaseModel.php(750): CodeIgniter\Model->insert([...], false)
 8 APPPATH\Controllers\Admin\EditCourseController.php(35): CodeIgniter\BaseModel->save([...])
 9 SYSTEMPATH\CodeIgniter.php(933): App\Controllers\Admin\EditCourseController->create()
10 SYSTEMPATH\CodeIgniter.php(509): CodeIgniter\CodeIgniter->runController(Object(App\Controllers\Admin\EditCourseController))
11 SYSTEMPATH\CodeIgniter.php(355): CodeIgniter\CodeIgniter->handleRequest(null, Object(Config\Cache), false)
12 SYSTEMPATH\Boot.php(325): CodeIgniter\CodeIgniter->run()
13 SYSTEMPATH\Boot.php(67): CodeIgniter\Boot::runCodeIgniter(Object(CodeIgniter\CodeIgniter))
14 FCPATH\index.php(56): CodeIgniter\Boot::bootWeb(Object(Config\Paths))
15 SYSTEMPATH\rewrite.php(44): require_once('D:\\MONICA\\ITB\\KULIAH\\JURUSAN\\SEMESTER 5\\II3160 Teknologi Sistem Terintegrasi\\UAS\\TST_UAS_Kel7\\public\\index.php')
CRITICAL - 2025-01-06 02:57:06 --> [Caused by] mysqli_sql_exception: Column 'semester' cannot be null
in SYSTEMPATH\Database\MySQLi\Connection.php on line 312.
 1 SYSTEMPATH\Database\MySQLi\Connection.php(312): mysqli->query('INSERT INTO `courses` (`course_name`, `credits`, `semester`, `day`, `start_time`, `duration`) VALUES (\'masuk\', \'2\', NULL, \'Senin\', \'10:00\', 100)', 0)
 2 SYSTEMPATH\Database\BaseConnection.php(734): CodeIgniter\Database\MySQLi\Connection->execute('INSERT INTO `courses` (`course_name`, `credits`, `semester`, `day`, `start_time`, `duration`) VALUES (\'masuk\', \'2\', NULL, \'Senin\', \'10:00\', 100)')
 3 SYSTEMPATH\Database\BaseConnection.php(648): CodeIgniter\Database\BaseConnection->simpleQuery('INSERT INTO `courses` (`course_name`, `credits`, `semester`, `day`, `start_time`, `duration`) VALUES (\'masuk\', \'2\', NULL, \'Senin\', \'10:00\', 100)')
 4 SYSTEMPATH\Database\BaseBuilder.php(2340): CodeIgniter\Database\BaseConnection->query('INSERT INTO `courses` (`course_name`, `credits`, `semester`, `day`, `start_time`, `duration`) VALUES (:course_name:, :credits:, :semester:, :day:, :start_time:, :duration:)', [...], false)
 5 SYSTEMPATH\Model.php(394): CodeIgniter\Database\BaseBuilder->insert()
 6 SYSTEMPATH\BaseModel.php(839): CodeIgniter\Model->doInsert([...])
 7 SYSTEMPATH\Model.php(802): CodeIgniter\BaseModel->insert([...], false)
 8 SYSTEMPATH\BaseModel.php(750): CodeIgniter\Model->insert([...], false)
 9 APPPATH\Controllers\Admin\EditCourseController.php(35): CodeIgniter\BaseModel->save([...])
10 SYSTEMPATH\CodeIgniter.php(933): App\Controllers\Admin\EditCourseController->create()
11 SYSTEMPATH\CodeIgniter.php(509): CodeIgniter\CodeIgniter->runController(Object(App\Controllers\Admin\EditCourseController))
12 SYSTEMPATH\CodeIgniter.php(355): CodeIgniter\CodeIgniter->handleRequest(null, Object(Config\Cache), false)
13 SYSTEMPATH\Boot.php(325): CodeIgniter\CodeIgniter->run()
14 SYSTEMPATH\Boot.php(67): CodeIgniter\Boot::runCodeIgniter(Object(CodeIgniter\CodeIgniter))
15 FCPATH\index.php(56): CodeIgniter\Boot::bootWeb(Object(Config\Paths))
16 SYSTEMPATH\rewrite.php(44): require_once('D:\\MONICA\\ITB\\KULIAH\\JURUSAN\\SEMESTER 5\\II3160 Teknologi Sistem Terintegrasi\\UAS\\TST_UAS_Kel7\\public\\index.php')
DEBUG - 2025-01-06 03:00:48 --> Session: Class initialized using 'CodeIgniter\Session\Handlers\FileHandler' driver.
WARNING - 2025-01-06 03:00:48 --> Session: Sessions is enabled, and one exists. Please don't $session->start();
DEBUG - 2025-01-06 03:00:58 --> Session: Class initialized using 'CodeIgniter\Session\Handlers\FileHandler' driver.
WARNING - 2025-01-06 03:00:58 --> Session: Sessions is enabled, and one exists. Please don't $session->start();
DEBUG - 2025-01-06 03:00:58 --> Session: Class initialized using 'CodeIgniter\Session\Handlers\FileHandler' driver.
DEBUG - 2025-01-06 03:01:04 --> Session: Class initialized using 'CodeIgniter\Session\Handlers\FileHandler' driver.
DEBUG - 2025-01-06 13:10:14 --> Session: Class initialized using 'CodeIgniter\Session\Handlers\FileHandler' driver.
WARNING - 2025-01-06 13:10:14 --> Session: Sessions is enabled, and one exists. Please don't $session->start();
DEBUG - 2025-01-06 13:10:18 --> Session: Class initialized using 'CodeIgniter\Session\Handlers\FileHandler' driver.
WARNING - 2025-01-06 13:10:18 --> Session: Sessions is enabled, and one exists. Please don't $session->start();
DEBUG - 2025-01-06 13:10:20 --> Session: Class initialized using 'CodeIgniter\Session\Handlers\FileHandler' driver.
DEBUG - 2025-01-06 13:10:32 --> Session: Class initialized using 'CodeIgniter\Session\Handlers\FileHandler' driver.
DEBUG - 2025-01-06 13:10:38 --> Session: Class initialized using 'CodeIgniter\Session\Handlers\FileHandler' driver.
DEBUG - 2025-01-06 13:10:53 --> Session: Class initialized using 'CodeIgniter\Session\Handlers\FileHandler' driver.
WARNING - 2025-01-06 13:10:53 --> Session: Sessions is enabled, and one exists. Please don't $session->start();
DEBUG - 2025-01-06 13:10:54 --> Session: Class initialized using 'CodeIgniter\Session\Handlers\FileHandler' driver.
WARNING - 2025-01-06 13:10:54 --> Session: Sessions is enabled, and one exists. Please don't $session->start();
DEBUG - 2025-01-06 13:10:59 --> Session: Class initialized using 'CodeIgniter\Session\Handlers\FileHandler' driver.
WARNING - 2025-01-06 13:10:59 --> Session: Sessions is enabled, and one exists. Please don't $session->start();
DEBUG - 2025-01-06 13:10:59 --> Session: Class initialized using 'CodeIgniter\Session\Handlers\FileHandler' driver.
DEBUG - 2025-01-06 13:11:40 --> Session: Class initialized using 'CodeIgniter\Session\Handlers\FileHandler' driver.
DEBUG - 2025-01-06 13:11:46 --> Session: Class initialized using 'CodeIgniter\Session\Handlers\FileHandler' driver.
DEBUG - 2025-01-06 13:12:31 --> Session: Class initialized using 'CodeIgniter\Session\Handlers\FileHandler' driver.
DEBUG - 2025-01-06 13:12:34 --> Session: Class initialized using 'CodeIgniter\Session\Handlers\FileHandler' driver.
DEBUG - 2025-01-06 13:13:12 --> Session: Class initialized using 'CodeIgniter\Session\Handlers\FileHandler' driver.
DEBUG - 2025-01-06 13:13:16 --> Session: Class initialized using 'CodeIgniter\Session\Handlers\FileHandler' driver.
