CRITICAL - 2024-11-20 11:02:25 --> CodeIgniter\View\Exceptions\ViewException: Invalid file: "product.php"
[Method: GET, Route: product]
in SYSTEMPATH\Exceptions\FrameworkException.php on line 41.
 1 SYSTEMPATH\View\View.php(222): CodeIgniter\Exceptions\FrameworkException::forInvalidFile('product.php')
 2 SYSTEMPATH\Common.php(1171): CodeIgniter\View\View->render('product', [], true)
 3 APPPATH\Controllers\ProductController.php(12): view('product', [...])
 4 SYSTEMPATH\CodeIgniter.php(933): App\Controllers\ProductController->index()
 5 SYSTEMPATH\CodeIgniter.php(509): CodeIgniter\CodeIgniter->runController(Object(App\Controllers\ProductController))
 6 SYSTEMPATH\CodeIgniter.php(355): CodeIgniter\CodeIgniter->handleRequest(null, Object(Config\Cache), false)
 7 SYSTEMPATH\Boot.php(325): CodeIgniter\CodeIgniter->run()
 8 SYSTEMPATH\Boot.php(67): CodeIgniter\Boot::runCodeIgniter(Object(CodeIgniter\CodeIgniter))
 9 FCPATH\index.php(56): CodeIgniter\Boot::bootWeb(Object(Config\Paths))
10 SYSTEMPATH\rewrite.php(44): require_once('D:\\TST\\Latihan1\\CodeIgniter4-develop\\public\\index.php')
CRITICAL - 2024-11-20 11:07:43 --> Error: Object of class App\Controllers\ProductController could not be converted to string
[Method: GET, Route: productAPI]
in APPPATH\Controllers\ProductController.php on line 20.
 1 SYSTEMPATH\CodeIgniter.php(933): App\Controllers\ProductController->API()
 2 SYSTEMPATH\CodeIgniter.php(509): CodeIgniter\CodeIgniter->runController(Object(App\Controllers\ProductController))
 3 SYSTEMPATH\CodeIgniter.php(355): CodeIgniter\CodeIgniter->handleRequest(null, Object(Config\Cache), false)
 4 SYSTEMPATH\Boot.php(325): CodeIgniter\CodeIgniter->run()
 5 SYSTEMPATH\Boot.php(67): CodeIgniter\Boot::runCodeIgniter(Object(CodeIgniter\CodeIgniter))
 6 FCPATH\index.php(56): CodeIgniter\Boot::bootWeb(Object(Config\Paths))
 7 SYSTEMPATH\rewrite.php(44): require_once('D:\\TST\\Latihan1\\CodeIgniter4-develop\\public\\index.php')
CRITICAL - 2024-11-20 11:38:18 --> ErrorException: Undefined array key "account num"
[Method: GET, Route: customer]
in APPPATH\Views\customer.php on line 8.
 1 APPPATH\Views\customer.php(8): CodeIgniter\Debug\Exceptions->errorHandler(2, 'Undefined array key "account num"', 'D:\\TST\\Latihan1\\CodeIgniter4-develop\\app\\Views\\customer.php', 8)
 2 SYSTEMPATH\View\View.php(234): include('D:\\TST\\Latihan1\\CodeIgniter4-develop\\app\\Views\\customer.php')
 3 SYSTEMPATH\View\View.php(237): CodeIgniter\View\View->CodeIgniter\View\{closure}()
 4 SYSTEMPATH\Common.php(1171): CodeIgniter\View\View->render('customer', [], true)
 5 APPPATH\Controllers\CustomerController.php(12): view('customer', [...])
 6 SYSTEMPATH\CodeIgniter.php(933): App\Controllers\CustomerController->index()
 7 SYSTEMPATH\CodeIgniter.php(509): CodeIgniter\CodeIgniter->runController(Object(App\Controllers\CustomerController))
 8 SYSTEMPATH\CodeIgniter.php(355): CodeIgniter\CodeIgniter->handleRequest(null, Object(Config\Cache), false)
 9 SYSTEMPATH\Boot.php(325): CodeIgniter\CodeIgniter->run()
10 SYSTEMPATH\Boot.php(67): CodeIgniter\Boot::runCodeIgniter(Object(CodeIgniter\CodeIgniter))
11 FCPATH\index.php(56): CodeIgniter\Boot::bootWeb(Object(Config\Paths))
12 SYSTEMPATH\rewrite.php(44): require_once('D:\\TST\\Latihan1\\CodeIgniter4-develop\\public\\index.php')
CRITICAL - 2024-11-20 12:35:20 --> CodeIgniter\HTTP\Exceptions\BadRequestException: The URI you submitted has disallowed characters: "add
"
[Method: GET, Route: coba/add%0A]
in SYSTEMPATH\Router\Router.php on line 737.
 1 SYSTEMPATH\Router\Router.php(204): CodeIgniter\Router\Router->checkDisallowedChars('coba/add
')
 2 SYSTEMPATH\CodeIgniter.php(834): CodeIgniter\Router\Router->handle('coba/add
')
 3 SYSTEMPATH\CodeIgniter.php(457): CodeIgniter\CodeIgniter->tryToRouteIt(Object(CodeIgniter\Router\RouteCollection))
 4 SYSTEMPATH\CodeIgniter.php(355): CodeIgniter\CodeIgniter->handleRequest(null, Object(Config\Cache), false)
 5 SYSTEMPATH\Boot.php(325): CodeIgniter\CodeIgniter->run()
 6 SYSTEMPATH\Boot.php(67): CodeIgniter\Boot::runCodeIgniter(Object(CodeIgniter\CodeIgniter))
 7 FCPATH\index.php(56): CodeIgniter\Boot::bootWeb(Object(Config\Paths))
 8 SYSTEMPATH\rewrite.php(44): require_once('D:\\TST\\Latihan1\\CodeIgniter4-develop\\public\\index.php')
CRITICAL - 2024-11-20 13:25:12 --> Error: Cannot use object of type stdClass as array
[Method: POST, Route: coba/create]
in APPPATH\Controllers\CobaController.php on line 16.
 1 SYSTEMPATH\CodeIgniter.php(933): App\Controllers\CobaController->create()
 2 SYSTEMPATH\CodeIgniter.php(509): CodeIgniter\CodeIgniter->runController(Object(App\Controllers\CobaController))
 3 SYSTEMPATH\CodeIgniter.php(355): CodeIgniter\CodeIgniter->handleRequest(null, Object(Config\Cache), false)
 4 SYSTEMPATH\Boot.php(325): CodeIgniter\CodeIgniter->run()
 5 SYSTEMPATH\Boot.php(67): CodeIgniter\Boot::runCodeIgniter(Object(CodeIgniter\CodeIgniter))
 6 FCPATH\index.php(56): CodeIgniter\Boot::bootWeb(Object(Config\Paths))
 7 SYSTEMPATH\rewrite.php(44): require_once('D:\\TST\\Latihan1\\CodeIgniter4-develop\\public\\index.php')
CRITICAL - 2024-11-20 13:27:03 --> Error: Cannot use object of type stdClass as array
[Method: POST, Route: coba/create]
in APPPATH\Controllers\CobaController.php on line 16.
 1 SYSTEMPATH\CodeIgniter.php(933): App\Controllers\CobaController->create()
 2 SYSTEMPATH\CodeIgniter.php(509): CodeIgniter\CodeIgniter->runController(Object(App\Controllers\CobaController))
 3 SYSTEMPATH\CodeIgniter.php(355): CodeIgniter\CodeIgniter->handleRequest(null, Object(Config\Cache), false)
 4 SYSTEMPATH\Boot.php(325): CodeIgniter\CodeIgniter->run()
 5 SYSTEMPATH\Boot.php(67): CodeIgniter\Boot::runCodeIgniter(Object(CodeIgniter\CodeIgniter))
 6 FCPATH\index.php(56): CodeIgniter\Boot::bootWeb(Object(Config\Paths))
 7 SYSTEMPATH\rewrite.php(44): require_once('D:\\TST\\Latihan1\\CodeIgniter4-develop\\public\\index.php')
